Determining if the pthread_create exist failed with the following output:
Change Dir: /home/somnus/CLionProjects/srcPtr/srcml/cmake-build-debug/CMakeFiles/CMakeTmp

Run Build Command(s):/usr/bin/make cmTC_108f1/fast 
/usr/bin/make -f CMakeFiles/cmTC_108f1.dir/build.make CMakeFiles/cmTC_108f1.dir/build
make[1]: 进入目录“/home/somnus/CLionProjects/srcPtr/srcml/cmake-build-debug/CMakeFiles/CMakeTmp”
Building C object CMakeFiles/cmTC_108f1.dir/CheckSymbolExists.c.o
/usr/bin/cc    -o CMakeFiles/cmTC_108f1.dir/CheckSymbolExists.c.o   -c /home/somnus/CLionProjects/srcPtr/srcml/cmake-build-debug/CMakeFiles/CMakeTmp/CheckSymbolExists.c
Linking C executable cmTC_108f1
/home/somnus/下载/CLion-2019.1.4/clion-2019.1.4/bin/cmake/linux/bin/cmake -E cmake_link_script CMakeFiles/cmTC_108f1.dir/link.txt --verbose=1
/usr/bin/cc      -rdynamic CMakeFiles/cmTC_108f1.dir/CheckSymbolExists.c.o  -o cmTC_108f1 
CMakeFiles/cmTC_108f1.dir/CheckSymbolExists.c.o：在函数‘main’中：
CheckSymbolExists.c:(.text+0x1b)：对‘pthread_create’未定义的引用
collect2: error: ld returned 1 exit status
CMakeFiles/cmTC_108f1.dir/build.make:86: recipe for target 'cmTC_108f1' failed
make[1]: *** [cmTC_108f1] Error 1
make[1]: 离开目录“/home/somnus/CLionProjects/srcPtr/srcml/cmake-build-debug/CMakeFiles/CMakeTmp”
Makefile:121: recipe for target 'cmTC_108f1/fast' failed
make: *** [cmTC_108f1/fast] Error 2

File /home/somnus/CLionProjects/srcPtr/srcml/cmake-build-debug/CMakeFiles/CMakeTmp/CheckSymbolExists.c:
/* */
#include <pthread.h>

int main(int argc, char** argv)
{
  (void)argv;
#ifndef pthread_create
  return ((int*)(&pthread_create))[argc];
#else
  (void)argc;
  return 0;
#endif
}

Determining if the function pthread_create exists in the pthreads failed with the following output:
Change Dir: /home/somnus/CLionProjects/srcPtr/srcml/cmake-build-debug/CMakeFiles/CMakeTmp

Run Build Command(s):/usr/bin/make cmTC_ad9e4/fast 
/usr/bin/make -f CMakeFiles/cmTC_ad9e4.dir/build.make CMakeFiles/cmTC_ad9e4.dir/build
make[1]: 进入目录“/home/somnus/CLionProjects/srcPtr/srcml/cmake-build-debug/CMakeFiles/CMakeTmp”
Building C object CMakeFiles/cmTC_ad9e4.dir/CheckFunctionExists.c.o
/usr/bin/cc   -DCHECK_FUNCTION_EXISTS=pthread_create   -o CMakeFiles/cmTC_ad9e4.dir/CheckFunctionExists.c.o   -c /home/somnus/下载/CLion-2019.1.4/clion-2019.1.4/bin/cmake/linux/share/cmake-3.14/Modules/CheckFunctionExists.c
Linking C executable cmTC_ad9e4
/home/somnus/下载/CLion-2019.1.4/clion-2019.1.4/bin/cmake/linux/bin/cmake -E cmake_link_script CMakeFiles/cmTC_ad9e4.dir/link.txt --verbose=1
/usr/bin/cc  -DCHECK_FUNCTION_EXISTS=pthread_create    -rdynamic CMakeFiles/cmTC_ad9e4.dir/CheckFunctionExists.c.o  -o cmTC_ad9e4 -lpthreads 
/usr/bin/ld: 找不到 -lpthreads
collect2: error: ld returned 1 exit status
CMakeFiles/cmTC_ad9e4.dir/build.make:86: recipe for target 'cmTC_ad9e4' failed
make[1]: *** [cmTC_ad9e4] Error 1
make[1]: 离开目录“/home/somnus/CLionProjects/srcPtr/srcml/cmake-build-debug/CMakeFiles/CMakeTmp”
Makefile:121: recipe for target 'cmTC_ad9e4/fast' failed
make: *** [cmTC_ad9e4/fast] Error 2


